<?xml version="1.0" encoding="UTF-8"?>
<testng-results ignored="0" total="2" passed="2" failed="0" skipped="0">
  <reporter-output>
  </reporter-output>
  <suite started-at="2020-04-01T01:11:21 EDT" name="Default suite" finished-at="2020-04-01T01:11:47 EDT" duration-ms="25968">
    <groups>
    </groups>
    <test started-at="2020-04-01T01:11:21 EDT" name="Default test" finished-at="2020-04-01T01:11:47 EDT" duration-ms="25968">
      <class name="Test.google">
        <test-method signature="search_for_google()[pri:10, instance:Test.google@23282c25]" started-at="2020-04-01T01:11:21 EDT" name="search_for_google" finished-at="2020-04-01T01:11:33 EDT" duration-ms="11752" status="PASS">
          <reporter-output>
          </reporter-output>
        </test-method> <!-- search_for_google -->
        <test-method signature="search_for_selenium()[pri:20, instance:Test.google@23282c25]" started-at="2020-04-01T01:11:33 EDT" name="search_for_selenium" finished-at="2020-04-01T01:11:47 EDT" duration-ms="14144" status="PASS">
          <reporter-output>
          </reporter-output>
        </test-method> <!-- search_for_selenium -->
      </class> <!-- Test.google -->
    </test> <!-- Default test -->
  </suite> <!-- Default suite -->
</testng-results>
